2018-05-17 11:59:57,144 INFO 1781 [egg-mongoose-logger] db.getCollection('authorities').insert({"updatedAt":"2018-05-17T03:59:57.140Z","createdAt":"2018-05-17T03:59:57.140Z","deleted":false,"_id":"5afcfe3d9b5e9706f5c675ba","__v":0}, {})
2018-05-17 12:00:47,323 INFO 1781 [egg-mongoose-logger] db.getCollection('authorities').insert({"updatedAt":"2018-05-17T04:00:47.323Z","createdAt":"2018-05-17T04:00:47.323Z","authority_name":"视频管理","authority_id":"01","deleted":false,"_id":"5afcfe6f9b5e9706f5c675bb","__v":0}, {})
2018-05-17 12:44:57,982 INFO 1850 [egg-mongoose-logger] db.getCollection('authorities').insert({"updatedAt":"2018-05-17T04:44:57.978Z","createdAt":"2018-05-17T04:44:57.978Z","authority_name":"推荐管理","authority_id":"02","deleted":false,"_id":"5afd08c99790ab073ab89152","__v":0}, {})
2018-05-17 12:45:12,612 INFO 1850 [egg-mongoose-logger] db.getCollection('authorities').insert({"updatedAt":"2018-05-17T04:45:12.612Z","createdAt":"2018-05-17T04:45:12.612Z","authority_name":"广告管理","authority_id":"03","deleted":false,"_id":"5afd08d89790ab073ab89153","__v":0}, {})
2018-05-17 12:45:22,968 INFO 1850 [egg-mongoose-logger] db.getCollection('authorities').insert({"updatedAt":"2018-05-17T04:45:22.967Z","createdAt":"2018-05-17T04:45:22.967Z","authority_name":"用户管理","authority_id":"04","deleted":false,"_id":"5afd08e29790ab073ab89154","__v":0}, {})
2018-05-17 12:45:37,242 INFO 1850 [egg-mongoose-logger] db.getCollection('authorities').insert({"updatedAt":"2018-05-17T04:45:37.242Z","createdAt":"2018-05-17T04:45:37.242Z","authority_name":"激励管理","authority_id":"05","deleted":false,"_id":"5afd08f19790ab073ab89155","__v":0}, {})
2018-05-17 12:45:47,141 INFO 1850 [egg-mongoose-logger] db.getCollection('authorities').insert({"updatedAt":"2018-05-17T04:45:47.141Z","createdAt":"2018-05-17T04:45:47.141Z","authority_name":"音乐管理","authority_id":"06","deleted":false,"_id":"5afd08fb9790ab073ab89156","__v":0}, {})
2018-05-17 12:46:01,087 INFO 1850 [egg-mongoose-logger] db.getCollection('authorities').insert({"updatedAt":"2018-05-17T04:46:01.087Z","createdAt":"2018-05-17T04:46:01.087Z","authority_name":"团队管理","authority_id":"07","deleted":false,"_id":"5afd09099790ab073ab89157","__v":0}, {})
2018-05-17 12:46:11,586 INFO 1850 [egg-mongoose-logger] db.getCollection('authorities').insert({"updatedAt":"2018-05-17T04:46:11.586Z","createdAt":"2018-05-17T04:46:11.586Z","authority_name":"系统管理","authority_id":"08","deleted":false,"_id":"5afd09139790ab073ab89158","__v":0}, {})
2018-05-17 12:46:18,324 INFO 1850 [egg-mongoose-logger] db.getCollection('authorities').insert({"updatedAt":"2018-05-17T04:46:18.323Z","createdAt":"2018-05-17T04:46:18.323Z","authority_name":"返回管理","authority_id":"09","deleted":false,"_id":"5afd091a9790ab073ab89159","__v":0}, {})
2018-05-17 12:46:30,207 INFO 1850 [egg-mongoose-logger] db.getCollection('authorities').insert({"updatedAt":"2018-05-17T04:46:30.206Z","createdAt":"2018-05-17T04:46:30.206Z","authority_name":"首页管理","authority_id":"00","deleted":false,"_id":"5afd09269790ab073ab8915a","__v":0}, {})
2018-05-17 12:47:57,741 INFO 1850 [egg-mongoose-logger] db.getCollection('authorities').find({}, {})
2018-05-17 12:48:51,537 INFO 1879 [egg-mongoose-logger] db.getCollection('authorities').find({}, {})
2018-05-17 12:58:01,326 INFO 2054 [egg-mongoose-logger] db.getCollection('authorities').find({}, {})
2018-05-17 13:03:33,746 INFO 2211 [egg-mongoose-logger] db.getCollection('authorities').find({}, {})
2018-05-17 13:05:09,557 INFO 2272 [egg-mongoose-logger] db.getCollection('authorities').find({}, {})
2018-05-17 13:08:22,605 INFO 2354 [egg-mongoose-logger] db.getCollection('authorities').find({}, {})
2018-05-17 13:09:26,782 INFO 2399 [egg-mongoose-logger] db.getCollection('authorities').find({}, {})
2018-05-17 13:10:51,261 INFO 2455 [egg-mongoose-logger] db.getCollection('authorities').find({}, {})
2018-05-17 13:13:30,297 INFO 2567 [egg-mongoose-logger] db.getCollection('authorities').find({}, {})
2018-05-17 13:16:40,993 INFO 2635 [egg-mongoose-logger] db.getCollection('authorities').find({}, {})
2018-05-17 13:18:20,764 INFO 2696 [egg-mongoose-logger] db.getCollection('authorities').find({}, {})
2018-05-17 13:19:59,553 INFO 2788 [egg-mongoose-logger] db.getCollection('authorities').find({}, {})
2018-05-17 13:45:57,557 INFO 3134 [egg-mongoose-logger] db.getCollection('authorities').findAndModify({"_id":"5afd09269790ab073ab8915a"}, {"$setOnInsert":{"createdAt":"2018-05-17T05:45:57.546Z"},"$set":{"authority_id":"00111","authority_name":"首页管理","updatedAt":"2018-05-17T05:45:57.546Z"}})
2018-05-17 14:05:17,633 INFO 3321 [egg-mongoose-logger] db.getCollection('authorities').insert({"updatedAt":"2018-05-17T06:05:17.630Z","createdAt":"2018-05-17T06:05:17.630Z","authority_name":"首页管理","authority_id":"00","deleted":false,"_id":"5afd1b9d9e87c20cf99cb3c7","__v":0}, {})
2018-05-17 14:05:31,450 INFO 3321 [egg-mongoose-logger] db.getCollection('authorities').insert({"updatedAt":"2018-05-17T06:05:31.450Z","createdAt":"2018-05-17T06:05:31.450Z","authority_name":"视频管理","authority_id":"01","deleted":false,"_id":"5afd1bab9e87c20cf99cb3c8","__v":0}, {})
2018-05-17 14:05:43,366 INFO 3321 [egg-mongoose-logger] db.getCollection('authorities').insert({"updatedAt":"2018-05-17T06:05:43.365Z","createdAt":"2018-05-17T06:05:43.365Z","authority_name":"推荐管理","authority_id":"02","deleted":false,"_id":"5afd1bb79e87c20cf99cb3c9","__v":0}, {})
2018-05-17 14:05:56,425 INFO 3321 [egg-mongoose-logger] db.getCollection('authorities').insert({"updatedAt":"2018-05-17T06:05:56.425Z","createdAt":"2018-05-17T06:05:56.425Z","authority_name":"广告管理","authority_id":"03","deleted":false,"_id":"5afd1bc49e87c20cf99cb3ca","__v":0}, {})
2018-05-17 14:06:05,878 INFO 3321 [egg-mongoose-logger] db.getCollection('authorities').insert({"updatedAt":"2018-05-17T06:06:05.877Z","createdAt":"2018-05-17T06:06:05.877Z","authority_name":"用户管理","authority_id":"04","deleted":false,"_id":"5afd1bcd9e87c20cf99cb3cb","__v":0}, {})
2018-05-17 14:06:15,887 INFO 3321 [egg-mongoose-logger] db.getCollection('authorities').insert({"updatedAt":"2018-05-17T06:06:15.887Z","createdAt":"2018-05-17T06:06:15.887Z","authority_name":"激励管理","authority_id":"05","deleted":false,"_id":"5afd1bd79e87c20cf99cb3cc","__v":0}, {})
2018-05-17 14:06:27,429 INFO 3321 [egg-mongoose-logger] db.getCollection('authorities').insert({"updatedAt":"2018-05-17T06:06:27.429Z","createdAt":"2018-05-17T06:06:27.429Z","authority_name":"音乐管理","authority_id":"06","deleted":false,"_id":"5afd1be39e87c20cf99cb3cd","__v":0}, {})
2018-05-17 14:06:43,900 INFO 3321 [egg-mongoose-logger] db.getCollection('authorities').insert({"updatedAt":"2018-05-17T06:06:43.900Z","createdAt":"2018-05-17T06:06:43.900Z","authority_name":"团队管理","authority_id":"07","deleted":false,"_id":"5afd1bf39e87c20cf99cb3ce","__v":0}, {})
2018-05-17 14:06:54,309 INFO 3321 [egg-mongoose-logger] db.getCollection('authorities').insert({"updatedAt":"2018-05-17T06:06:54.308Z","createdAt":"2018-05-17T06:06:54.308Z","authority_name":"系统管理","authority_id":"08","deleted":false,"_id":"5afd1bfe9e87c20cf99cb3cf","__v":0}, {})
2018-05-17 14:07:08,994 INFO 3321 [egg-mongoose-logger] db.getCollection('authorities').insert({"updatedAt":"2018-05-17T06:07:08.994Z","createdAt":"2018-05-17T06:07:08.994Z","authority_name":"反馈管理","authority_id":"09","deleted":false,"_id":"5afd1c0c9e87c20cf99cb3d0","__v":0}, {})
2018-05-17 14:45:03,014 INFO 3709 [egg-mongoose-logger] db.getCollection('authorities').insert({"updatedAt":"2018-05-17T06:45:03.011Z","createdAt":"2018-05-17T06:45:03.011Z","authority_name":"视频列表","authority_id":"0101","deleted":false,"_id":"5afd24ef9c70f70e7da9c62f","__v":0}, {})
2018-05-17 14:46:51,498 INFO 3757 [egg-mongoose-logger] db.getCollection('authorities').insert({"updatedAt":"2018-05-17T06:46:51.495Z","createdAt":"2018-05-17T06:46:51.495Z","authority_name":"视频分类","authority_id":"0102","deleted":false,"_id":"5afd255be565bf0ead08650d","__v":0}, {})
2018-05-17 15:00:34,009 INFO 4178 [egg-mongoose-logger] db.getCollection('authorities').find({}, {})
2018-05-17 15:23:16,932 INFO 4573 [egg-mongoose-logger] db.getCollection('authorities').insert({"updatedAt":"2018-05-17T07:23:16.930Z","createdAt":"2018-05-17T07:23:16.930Z","authority_name":"视频分类1","authority_id":"0103","deleted":false,"_id":"5afd2de479a85811ddcad7cc","__v":0}, {})
2018-05-17 16:06:00,876 INFO 5234 [egg-mongoose-logger] db.getCollection('authorities').insert({"updatedAt":"2018-05-17T08:06:00.873Z","createdAt":"2018-05-17T08:06:00.873Z","authority_name":"视频分类2","authority_id":"0104","deleted":false,"_id":"5afd37e8c2f3581472ad35ea","__v":0}, {})
2018-05-17 16:20:15,483 INFO 5234 [egg-mongoose-logger] db.getCollection('authorities').insert({"updatedAt":"2018-05-17T08:20:15.483Z","createdAt":"2018-05-17T08:20:15.483Z","authority_name":"视频分类2","authority_id":"0104","deleted":false,"_id":"5afd3b3fc2f3581472ad35eb","__v":0}, {})
2018-05-17 16:22:13,206 INFO 5234 [egg-mongoose-logger] db.getCollection('authorities').findAndModify({"_id":"5afd09269790ab073ab8915a"}, {"$setOnInsert":{"createdAt":"2018-05-17T08:22:13.200Z"},"$set":{"authority_id":"00111","authority_name":"首页管理","updatedAt":"2018-05-17T08:22:13.200Z"}})
2018-05-17 16:33:24,597 INFO 5604 [egg-mongoose-logger] db.getCollection('authorities').remove({"_id":"5afd3e5460213d15e452a937"}, {})
2018-05-17 16:43:27,093 INFO 5827 [egg-mongoose-logger] db.getCollection('authorities').remove({"_id":"5afd40afb28a2d16c34eb308"}, {})
2018-05-17 16:44:51,646 INFO 5827 [egg-mongoose-logger] db.getCollection('authorities').remove({"_id":"5afd4103b28a2d16c34eb309"}, {})
2018-05-17 16:46:36,269 INFO 5919 [egg-mongoose-logger] db.getCollection('authorities').remove({"_id":"5afd3b3fc2f3581472ad35eb"}, {})
2018-05-17 16:48:47,741 INFO 5958 [egg-mongoose-logger] db.getCollection('authorities').remove({"_id":"5afd41efa8b4051746ef1e72"}, {})
2018-05-17 16:50:28,422 INFO 6026 [egg-mongoose-logger] db.getCollection('authorities').remove({"_id":"5afd42544624f2178a5388c9"}, {})
2018-05-17 16:52:27,793 INFO 6099 [egg-mongoose-logger] db.getCollection('authorities').remove({"_id":"5afd37e8c2f3581472ad35ea"}, {})
2018-05-17 17:00:29,842 INFO 6244 [egg-mongoose-logger] db.getCollection('authorities').find({}, {})
2018-05-17 17:09:09,492 INFO 6539 [egg-mongoose-logger] db.getCollection('authorities').find({}, {})
2018-05-17 17:59:35,442 INFO 7361 [egg-mongoose-logger] db.getCollection('rolers').insert({"updatedAt":"2018-05-17T09:59:35.440Z","createdAt":"2018-05-17T09:59:35.440Z","deleted":false,"_id":"5afd5287f772371cc1d22e9d","role_auth":[],"__v":0}, {})
2018-05-17 18:00:46,794 INFO 7426 [egg-mongoose-logger] db.getCollection('rolers').insert({"updatedAt":"2018-05-17T10:00:46.792Z","createdAt":"2018-05-17T10:00:46.792Z","roler_name":"管理员","roler_id":"admin","deleted":false,"_id":"5afd52ce39bea01d02cf5150","roler_auth":["0101","0102","0201","0203"],"__v":0}, {})
2018-05-17 18:01:12,055 INFO 7426 [egg-mongoose-logger] db.getCollection('rolers').insert({"updatedAt":"2018-05-17T10:01:12.054Z","createdAt":"2018-05-17T10:01:12.054Z","roler_name":"一级测试","roler_id":"test1","deleted":false,"_id":"5afd52e839bea01d02cf5151","roler_auth":["0101","0203"],"__v":0}, {})
2018-05-17 18:01:30,698 INFO 7426 [egg-mongoose-logger] db.getCollection('rolers').insert({"updatedAt":"2018-05-17T10:01:30.698Z","createdAt":"2018-05-17T10:01:30.698Z","roler_name":"2级测试","roler_id":"test2","deleted":false,"_id":"5afd52fa39bea01d02cf5152","roler_auth":["0101","0203"],"__v":0}, {})
2018-05-17 18:01:38,709 INFO 7426 [egg-mongoose-logger] db.getCollection('rolers').insert({"updatedAt":"2018-05-17T10:01:38.709Z","createdAt":"2018-05-17T10:01:38.709Z","roler_name":"3级测试","roler_id":"test3","deleted":false,"_id":"5afd530239bea01d02cf5153","roler_auth":["0101","0203"],"__v":0}, {})
2018-05-17 18:02:00,074 INFO 7426 [egg-mongoose-logger] db.getCollection('rolers').insert({"updatedAt":"2018-05-17T10:02:00.074Z","createdAt":"2018-05-17T10:02:00.074Z","roler_name":"4级测试","roler_id":"test4","deleted":false,"_id":"5afd531839bea01d02cf5154","roler_auth":["0101","0203","0301"],"__v":0}, {})
2018-05-17 18:02:08,010 INFO 7426 [egg-mongoose-logger] db.getCollection('rolers').insert({"updatedAt":"2018-05-17T10:02:08.010Z","createdAt":"2018-05-17T10:02:08.010Z","roler_name":"5级测试","roler_id":"test5","deleted":false,"_id":"5afd532039bea01d02cf5155","roler_auth":["0101","0203","0301"],"__v":0}, {})
2018-05-17 18:02:16,508 INFO 7426 [egg-mongoose-logger] db.getCollection('rolers').insert({"updatedAt":"2018-05-17T10:02:16.508Z","createdAt":"2018-05-17T10:02:16.508Z","roler_name":"6级测试","roler_id":"test6","deleted":false,"_id":"5afd532839bea01d02cf5156","roler_auth":["0101","0203","0301"],"__v":0}, {})
2018-05-17 18:07:32,218 INFO 7611 [egg-mongoose-logger] db.getCollection('rolers').find({}, {})
2018-05-17 18:09:54,893 INFO 7669 [egg-mongoose-logger] db.getCollection('rolers').findAndModify({"_id":"5afd532839bea01d02cf5156"}, {"$setOnInsert":{"createdAt":"2018-05-17T10:09:54.886Z"},"$set":{"roler_auth":["0101","0203","0301","0308"],"roler_id":"test6","roler_name":"6级测试","updatedAt":"2018-05-17T10:09:54.886Z"}})
2018-05-17 18:10:40,339 INFO 7669 [egg-mongoose-logger] db.getCollection('rolers').insert({"updatedAt":"2018-05-17T10:10:40.338Z","createdAt":"2018-05-17T10:10:40.338Z","roler_name":"7级测试","roler_id":"test7","deleted":false,"_id":"5afd5520847ccb1df50b86b7","roler_auth":["0101","0203","0301","0101","0203","0301"],"__v":0}, {})
2018-05-17 18:13:52,833 INFO 7773 [egg-mongoose-logger] db.getCollection('rolers').remove({"_id":"5afd5520847ccb1df50b86b7"}, {})
2018-05-18 11:29:38,619 INFO 2232 [egg-mongoose-logger] db.getCollection('workers').insert({"updatedAt":"2018-05-18T03:29:38.617Z","createdAt":"2018-05-18T03:29:38.617Z","worker_name":"审核员01","worker_id":"L-001","worker_tel":"13221130000","worker_card":"1234yyyyyy","worker_address":"北京市朝阳区坤沙中心3-607","deleted":false,"_id":"5afe48a2d1c47308b866ed73","worker_roler":["test5","test6"],"__v":0}, {})
2018-05-18 11:29:46,165 INFO 2232 [egg-mongoose-logger] db.getCollection('workers').insert({"updatedAt":"2018-05-18T03:29:46.165Z","createdAt":"2018-05-18T03:29:46.165Z","worker_name":"审核员02","worker_id":"L-002","worker_tel":"13221130000","worker_card":"1234yyyyyy","worker_address":"北京市朝阳区坤沙中心3-607","deleted":false,"_id":"5afe48aad1c47308b866ed74","worker_roler":["test5","test6"],"__v":0}, {})
2018-05-18 11:29:53,928 INFO 2232 [egg-mongoose-logger] db.getCollection('workers').insert({"updatedAt":"2018-05-18T03:29:53.928Z","createdAt":"2018-05-18T03:29:53.928Z","worker_name":"审核员03","worker_id":"L-003","worker_tel":"13221130000","worker_card":"1234yyyyyy","worker_address":"北京市朝阳区坤沙中心3-607","deleted":false,"_id":"5afe48b1d1c47308b866ed75","worker_roler":["test5","test6"],"__v":0}, {})
2018-05-18 11:30:04,366 INFO 2232 [egg-mongoose-logger] db.getCollection('workers').insert({"updatedAt":"2018-05-18T03:30:04.366Z","createdAt":"2018-05-18T03:30:04.366Z","worker_name":"审核员04","worker_id":"L-004","worker_tel":"13221130000","worker_card":"1234yyyyyy","worker_address":"北京市朝阳区坤沙中心3-607","deleted":false,"_id":"5afe48bcd1c47308b866ed76","worker_roler":["test5","test6"],"__v":0}, {})
2018-05-18 11:30:11,183 INFO 2232 [egg-mongoose-logger] db.getCollection('workers').insert({"updatedAt":"2018-05-18T03:30:11.183Z","createdAt":"2018-05-18T03:30:11.183Z","worker_name":"审核员05","worker_id":"L-005","worker_tel":"13221130000","worker_card":"1234yyyyyy","worker_address":"北京市朝阳区坤沙中心3-607","deleted":false,"_id":"5afe48c3d1c47308b866ed77","worker_roler":["test5","test6"],"__v":0}, {})
2018-05-18 11:30:17,852 INFO 2232 [egg-mongoose-logger] db.getCollection('workers').insert({"updatedAt":"2018-05-18T03:30:17.852Z","createdAt":"2018-05-18T03:30:17.852Z","worker_name":"审核员06","worker_id":"L-006","worker_tel":"13221130000","worker_card":"1234yyyyyy","worker_address":"北京市朝阳区坤沙中心3-607","deleted":false,"_id":"5afe48c9d1c47308b866ed78","worker_roler":["test5","test6"],"__v":0}, {})
2018-05-18 11:31:14,669 INFO 2232 [egg-mongoose-logger] db.getCollection('workers').insert({"updatedAt":"2018-05-18T03:31:14.669Z","createdAt":"2018-05-18T03:31:14.669Z","worker_name":"审核员07","worker_id":"L-007","worker_tel":"13221130000","worker_card":"1234yyyyyy","worker_address":"北京市朝阳区坤沙中心3-607","deleted":false,"_id":"5afe4902d1c47308b866ed79","worker_roler":["test5","test6"],"__v":0}, {})
2018-05-18 11:31:33,767 INFO 2232 [egg-mongoose-logger] db.getCollection('workers').findAndModify({"_id":"5afe48c9d1c47308b866ed78"}, {"$setOnInsert":{"createdAt":"2018-05-18T03:31:33.761Z"},"$set":{"worker_address":"北京市朝阳区坤沙中心3-607","worker_card":"1234yyyyyy","worker_tel":"13221130000","worker_job":"一级审核员","worker_roler":["test5","test8"],"worker_id":"L-00111","worker_name":"审核员0111","updatedAt":"2018-05-18T03:31:33.761Z"}})
2018-05-18 11:31:44,909 INFO 2232 [egg-mongoose-logger] db.getCollection('workers').remove({"_id":"5afe48c9d1c47308b866ed78"}, {})
2018-05-18 11:33:58,813 INFO 2287 [egg-mongoose-logger] db.getCollection('workers').find({"worker_id":"5afe4902d1c47308b866ed79"}, {})
2018-05-18 11:34:44,351 INFO 2287 [egg-mongoose-logger] db.getCollection('workers').find({"worker_id":"L-001"}, {})
2018-05-18 12:04:03,653 INFO 3043 [egg-mongoose-logger] db.getCollection('workloads').ensureIndex({"worker_id":1}, {})
2018-05-18 12:04:57,521 INFO 3061 [egg-mongoose-logger] db.getCollection('workloads').ensureIndex({"worker_id":1}, {})
2018-05-18 12:05:12,692 INFO 3089 [egg-mongoose-logger] db.getCollection('workloads').ensureIndex({"worker_id":1}, {})
2018-05-18 12:08:50,052 INFO 3101 [egg-mongoose-logger] db.getCollection('workloads').ensureIndex({"worker_id":1}, {})
2018-05-18 12:08:58,992 INFO 3116 [egg-mongoose-logger] db.getCollection('workloads').ensureIndex({"worker_id":1}, {})
2018-05-18 12:11:51,808 INFO 3139 [egg-mongoose-logger] db.getCollection('workloads').ensureIndex({"worker_id":1}, {})
2018-05-18 12:11:53,037 INFO 3140 [egg-mongoose-logger] db.getCollection('workloads').ensureIndex({"worker_id":1}, {})
2018-05-18 12:13:28,013 INFO 3160 [egg-mongoose-logger] db.getCollection('workloads').ensureIndex({"worker_id":1}, {})
2018-05-18 12:14:22,291 INFO 3253 [egg-mongoose-logger] db.getCollection('workloads').ensureIndex({"worker_id":1}, {})
2018-05-18 12:18:59,514 INFO 3276 [egg-mongoose-logger] db.getCollection('workloads').ensureIndex({"worker_id":1}, {})
2018-05-18 12:19:24,883 INFO 3292 [egg-mongoose-logger] db.getCollection('workloads').ensureIndex({"worker_id":1}, {})
2018-05-18 12:19:35,020 INFO 3307 [egg-mongoose-logger] db.getCollection('workloads').ensureIndex({"worker_id":1}, {})
2018-05-18 12:19:50,150 INFO 3335 [egg-mongoose-logger] db.getCollection('workloads').ensureIndex({"worker_id":1}, {})
2018-05-18 12:20:48,203 INFO 3351 [egg-mongoose-logger] db.getCollection('workloads').ensureIndex({"worker_id":1}, {})
2018-05-18 12:20:49,588 INFO 3352 [egg-mongoose-logger] db.getCollection('workloads').ensureIndex({"worker_id":1}, {})
2018-05-18 12:20:51,175 INFO 3354 [egg-mongoose-logger] db.getCollection('workloads').ensureIndex({"worker_id":1}, {})
2018-05-18 12:20:59,909 INFO 3370 [egg-mongoose-logger] db.getCollection('workloads').ensureIndex({"worker_id":1}, {})
2018-05-18 12:21:34,524 INFO 3434 [egg-mongoose-logger] db.getCollection('workloads').ensureIndex({"worker_id":1}, {})
2018-05-18 12:23:34,651 INFO 3454 [egg-mongoose-logger] db.getCollection('workloads').ensureIndex({"worker_id":1}, {})
2018-05-18 12:23:35,915 INFO 3455 [egg-mongoose-logger] db.getCollection('workloads').ensureIndex({"worker_id":1}, {})
2018-05-18 12:23:38,386 INFO 3456 [egg-mongoose-logger] db.getCollection('workloads').ensureIndex({"worker_id":1}, {})
2018-05-18 12:24:32,396 INFO 3474 [egg-mongoose-logger] db.getCollection('workloads').ensureIndex({"worker_id":1}, {})
2018-05-18 12:24:35,607 INFO 3483 [egg-mongoose-logger] db.getCollection('workloads').ensureIndex({"worker_id":1}, {})
2018-05-18 12:24:50,629 INFO 3511 [egg-mongoose-logger] db.getCollection('workloads').ensureIndex({"worker_id":1}, {})
2018-05-18 12:26:45,907 INFO 3525 [egg-mongoose-logger] db.getCollection('workloads').ensureIndex({"worker_id":1}, {})
2018-05-18 12:26:47,269 INFO 3526 [egg-mongoose-logger] db.getCollection('workloads').ensureIndex({"worker_id":1}, {})
2018-05-18 12:45:13,331 INFO 3739 [egg-mongoose-logger] db.getCollection('workloads').ensureIndex({"worker_id":1}, {})
2018-05-18 12:55:58,974 INFO 3763 [egg-mongoose-logger] db.getCollection('workloads').ensureIndex({"worker_id":1}, {})
2018-05-18 12:56:04,679 INFO 3771 [egg-mongoose-logger] db.getCollection('workloads').ensureIndex({"worker_id":1}, {})
2018-05-18 12:56:06,162 INFO 3779 [egg-mongoose-logger] db.getCollection('workloads').ensureIndex({"worker_id":1}, {})
2018-05-18 13:18:50,384 INFO 716 [egg-mongoose-logger] db.getCollection('works').insert({"updatedAt":"2018-05-18T05:18:50.381Z","createdAt":"2018-05-18T05:18:50.381Z","worker_name":"审核员01","worker_id":"L-001","video_id":"0001111122222","video_name":"测试视频","check_stats":"1","deleted":false,"_id":"5afe623a0293e502cc5b3cf7","check_time":"2018-05-18T05:18:50.373Z","__v":0}, {})
2018-05-18 13:48:24,773 INFO 2002 [egg-mongoose-logger] db.getCollection('works').insert({"updatedAt":"2018-05-18T05:48:24.771Z","createdAt":"2018-05-18T05:48:24.771Z","worker_name":"审核员01","worker_id":"L-001","video_id":"0001111122222","video_name":"测试视频","check_stats":"1","deleted":false,"_id":"5afe6928112fe307d2a2923b","check_time":"2018-05-18T05:48:24.765Z","__v":0}, {})
2018-05-18 13:48:42,500 INFO 2002 [egg-mongoose-logger] db.getCollection('works').insert({"updatedAt":"2018-05-18T05:48:42.499Z","createdAt":"2018-05-18T05:48:42.499Z","worker_name":"审核员01","worker_id":"L-001","video_id":"1001111122222","video_name":"测试视频1","check_stats":"1","deleted":false,"_id":"5afe693a112fe307d2a2923c","check_time":"2018-05-18T05:48:42.499Z","__v":0}, {})
2018-05-18 13:48:49,574 INFO 2002 [egg-mongoose-logger] db.getCollection('works').insert({"updatedAt":"2018-05-18T05:48:49.574Z","createdAt":"2018-05-18T05:48:49.574Z","worker_name":"审核员01","worker_id":"L-001","video_id":"2001111122222","video_name":"测试视频2","check_stats":"1","deleted":false,"_id":"5afe6941112fe307d2a2923d","check_time":"2018-05-18T05:48:49.573Z","__v":0}, {})
2018-05-18 13:48:55,631 INFO 2002 [egg-mongoose-logger] db.getCollection('works').insert({"updatedAt":"2018-05-18T05:48:55.631Z","createdAt":"2018-05-18T05:48:55.631Z","worker_name":"审核员01","worker_id":"L-001","video_id":"3001111122222","video_name":"测试视频3","check_stats":"1","deleted":false,"_id":"5afe6947112fe307d2a2923e","check_time":"2018-05-18T05:48:55.630Z","__v":0}, {})
2018-05-18 13:49:02,228 INFO 2002 [egg-mongoose-logger] db.getCollection('works').insert({"updatedAt":"2018-05-18T05:49:02.228Z","createdAt":"2018-05-18T05:49:02.228Z","worker_name":"审核员01","worker_id":"L-001","video_id":"4001111122222","video_name":"测试视频4","check_stats":"1","deleted":false,"_id":"5afe694e112fe307d2a2923f","check_time":"2018-05-18T05:49:02.228Z","__v":0}, {})
2018-05-18 13:49:11,038 INFO 2002 [egg-mongoose-logger] db.getCollection('works').insert({"updatedAt":"2018-05-18T05:49:11.037Z","createdAt":"2018-05-18T05:49:11.037Z","worker_name":"审核员01","worker_id":"L-001","video_id":"5001111122222","video_name":"测试视频5","check_stats":"1","deleted":false,"_id":"5afe6957112fe307d2a29240","check_time":"2018-05-18T05:49:11.037Z","__v":0}, {})
2018-05-18 13:49:16,356 INFO 2002 [egg-mongoose-logger] db.getCollection('works').insert({"updatedAt":"2018-05-18T05:49:16.355Z","createdAt":"2018-05-18T05:49:16.355Z","worker_name":"审核员01","worker_id":"L-001","video_id":"6001111122222","video_name":"测试视频6","check_stats":"1","deleted":false,"_id":"5afe695c112fe307d2a29241","check_time":"2018-05-18T05:49:16.355Z","__v":0}, {})
2018-05-18 13:49:30,718 INFO 2002 [egg-mongoose-logger] db.getCollection('works').insert({"updatedAt":"2018-05-18T05:49:30.718Z","createdAt":"2018-05-18T05:49:30.718Z","worker_name":"审核员02","worker_id":"L-002","video_id":"61001111122222","video_name":"测试视频23","check_stats":"1","deleted":false,"_id":"5afe696a112fe307d2a29242","check_time":"2018-05-18T05:49:30.718Z","__v":0}, {})
2018-05-18 13:49:38,115 INFO 2002 [egg-mongoose-logger] db.getCollection('works').insert({"updatedAt":"2018-05-18T05:49:38.114Z","createdAt":"2018-05-18T05:49:38.114Z","worker_name":"审核员02","worker_id":"L-002","video_id":"62001111122222","video_name":"测试视频24","check_stats":"1","deleted":false,"_id":"5afe6972112fe307d2a29243","check_time":"2018-05-18T05:49:38.114Z","__v":0}, {})
2018-05-18 13:50:42,749 INFO 2002 [egg-mongoose-logger] db.getCollection('works').find({}, {})
2018-05-18 13:51:18,324 INFO 2002 [egg-mongoose-logger] db.getCollection('works').findAndModify({"_id":"5afe6972112fe307d2a29243"}, {"$setOnInsert":{"createdAt":"2018-05-18T05:51:18.320Z"},"$set":{"check_stats":"1","video_name":"测试视频000","video_id":"0001111122222000","worker_id":"L-0023","worker_name":"审核员023","updatedAt":"2018-05-18T05:51:18.320Z"}})
2018-05-18 13:51:31,024 INFO 2002 [egg-mongoose-logger] db.getCollection('works').remove({"_id":"5afe6972112fe307d2a29243"}, {})
2018-05-18 13:52:09,641 INFO 2002 [egg-mongoose-logger] db.getCollection('works').find({"_id":"5afe4902d1c47308b866ed79"}, {})
2018-05-18 13:52:51,474 INFO 2002 [egg-mongoose-logger] db.getCollection('works').find({"_id":"5afe696a112fe307d2a29242"}, {})
2018-05-18 14:18:48,212 INFO 2486 [egg-mongoose-logger] db.getCollection('oplogs').insert({"updatedAt":"2018-05-18T06:18:48.210Z","createdAt":"2018-05-18T06:18:48.210Z","op_name":"审核员02","op_id":"L-002","op_describe":"审核测试视频24(vid:123445676)","op_ip":"192.168.31.13","deleted":false,"_id":"5afe7048347fe409b658ab8c","op_time":"2018-05-18T06:18:48.204Z","__v":0}, {})
2018-05-18 14:18:57,316 INFO 2486 [egg-mongoose-logger] db.getCollection('oplogs').insert({"updatedAt":"2018-05-18T06:18:57.315Z","createdAt":"2018-05-18T06:18:57.315Z","op_name":"审核员02","op_id":"L-002","op_describe":"审核测试视频25(vid:1234456765)","op_ip":"192.168.31.13","deleted":false,"_id":"5afe7051347fe409b658ab8d","op_time":"2018-05-18T06:18:57.315Z","__v":0}, {})
2018-05-18 14:19:05,591 INFO 2486 [egg-mongoose-logger] db.getCollection('oplogs').insert({"updatedAt":"2018-05-18T06:19:05.591Z","createdAt":"2018-05-18T06:19:05.591Z","op_name":"审核员02","op_id":"L-002","op_describe":"审核测试视频26(vid:1234456766)","op_ip":"192.168.31.13","deleted":false,"_id":"5afe7059347fe409b658ab8e","op_time":"2018-05-18T06:19:05.590Z","__v":0}, {})
2018-05-18 14:19:14,650 INFO 2486 [egg-mongoose-logger] db.getCollection('oplogs').insert({"updatedAt":"2018-05-18T06:19:14.649Z","createdAt":"2018-05-18T06:19:14.649Z","op_name":"审核员02","op_id":"L-002","op_describe":"审核测试视频27(vid:1234456767)","op_ip":"192.168.31.13","deleted":false,"_id":"5afe7062347fe409b658ab8f","op_time":"2018-05-18T06:19:14.649Z","__v":0}, {})
2018-05-18 14:19:21,273 INFO 2486 [egg-mongoose-logger] db.getCollection('oplogs').insert({"updatedAt":"2018-05-18T06:19:21.273Z","createdAt":"2018-05-18T06:19:21.273Z","op_name":"审核员02","op_id":"L-002","op_describe":"审核测试视频27(vid:1234456767)","op_ip":"192.168.31.13","deleted":false,"_id":"5afe7069347fe409b658ab90","op_time":"2018-05-18T06:19:21.273Z","__v":0}, {})
2018-05-18 14:19:37,395 INFO 2486 [egg-mongoose-logger] db.getCollection('oplogs').insert({"updatedAt":"2018-05-18T06:19:37.395Z","createdAt":"2018-05-18T06:19:37.395Z","op_name":"审核员03","op_id":"L-003","op_describe":"审核测试视频11(vid:1234456761)","op_ip":"192.168.31.18","deleted":false,"_id":"5afe7079347fe409b658ab91","op_time":"2018-05-18T06:19:37.395Z","__v":0}, {})
2018-05-18 14:19:44,234 INFO 2486 [egg-mongoose-logger] db.getCollection('oplogs').insert({"updatedAt":"2018-05-18T06:19:44.234Z","createdAt":"2018-05-18T06:19:44.234Z","op_name":"审核员03","op_id":"L-003","op_describe":"审核测试视频12(vid:1234456762)","op_ip":"192.168.31.18","deleted":false,"_id":"5afe7080347fe409b658ab92","op_time":"2018-05-18T06:19:44.233Z","__v":0}, {})
2018-05-18 14:19:49,787 INFO 2486 [egg-mongoose-logger] db.getCollection('oplogs').insert({"updatedAt":"2018-05-18T06:19:49.787Z","createdAt":"2018-05-18T06:19:49.787Z","op_name":"审核员03","op_id":"L-003","op_describe":"审核测试视频13(vid:1234456763)","op_ip":"192.168.31.18","deleted":false,"_id":"5afe7085347fe409b658ab93","op_time":"2018-05-18T06:19:49.787Z","__v":0}, {})
2018-05-18 14:20:34,597 INFO 2486 [egg-mongoose-logger] db.getCollection('oplogs').find({}, {})
2018-05-18 14:20:57,898 INFO 2486 [egg-mongoose-logger] db.getCollection('oplogs').findAndModify({"_id":"5afe7085347fe409b658ab93"}, {"$setOnInsert":{"createdAt":"2018-05-18T06:20:57.893Z"},"$set":{"op_describe":"审核测试视频24(vid:123445676)","op_ip":"192.168.31.32","op_id":"L-0020","op_name":"审核员020","updatedAt":"2018-05-18T06:20:57.893Z"}})
2018-05-18 14:21:45,130 INFO 2486 [egg-mongoose-logger] db.getCollection('oplogs').remove({"_id":"5afe7079347fe409b658ab91"}, {})
2018-05-18 14:21:47,980 INFO 2486 [egg-mongoose-logger] db.getCollection('oplogs').find({"op_id":"L-003"}, {})
2018-05-18 14:56:57,417 INFO 2827 [egg-mongoose-logger] db.getCollection('workers').insert({"updatedAt":"2018-05-18T06:56:57.415Z","createdAt":"2018-05-18T06:56:57.415Z","worker_name":"管理员1","worker_id":"A-001","worker_tel":"13221130000","worker_card":"1234yyyyyy","worker_address":"北京市朝阳区坤沙中心3-607","deleted":false,"_id":"5afe793936d8510b0b446e0c","worker_roler":["test1","test2","test3"],"__v":0}, {})
2018-05-18 15:14:21,282 INFO 2944 [egg-mongoose-logger] db.getCollection('notifications').insert({"updatedAt":"2018-05-18T07:14:21.280Z","createdAt":"2018-05-18T07:14:21.280Z","notify_name":"管理员1","notify_id":"A-001","notify_context":"下午3-607开会","deleted":false,"_id":"5afe7d4df10f970b80fc5ea0","notify_targets":["L-001","L-002","L-003"],"notify_time":"2018-05-18T07:14:21.273Z","__v":0}, {})
2018-05-18 15:14:32,857 INFO 2944 [egg-mongoose-logger] db.getCollection('notifications').insert({"updatedAt":"2018-05-18T07:14:32.856Z","createdAt":"2018-05-18T07:14:32.856Z","notify_name":"管理员1","notify_id":"A-001","notify_context":"下午3-607开会1","deleted":false,"_id":"5afe7d58f10f970b80fc5ea1","notify_targets":["L-004","L-002","L-003"],"notify_time":"2018-05-18T07:14:32.855Z","__v":0}, {})
2018-05-18 15:14:38,772 INFO 2944 [egg-mongoose-logger] db.getCollection('notifications').insert({"updatedAt":"2018-05-18T07:14:38.771Z","createdAt":"2018-05-18T07:14:38.771Z","notify_name":"管理员1","notify_id":"A-001","notify_context":"下午3-607开会2","deleted":false,"_id":"5afe7d5ef10f970b80fc5ea2","notify_targets":["L-004","L-002","L-003"],"notify_time":"2018-05-18T07:14:38.771Z","__v":0}, {})
2018-05-18 15:14:42,801 INFO 2944 [egg-mongoose-logger] db.getCollection('notifications').insert({"updatedAt":"2018-05-18T07:14:42.801Z","createdAt":"2018-05-18T07:14:42.801Z","notify_name":"管理员1","notify_id":"A-001","notify_context":"下午3-607开会3","deleted":false,"_id":"5afe7d62f10f970b80fc5ea3","notify_targets":["L-004","L-002","L-003"],"notify_time":"2018-05-18T07:14:42.800Z","__v":0}, {})
2018-05-18 15:14:48,199 INFO 2944 [egg-mongoose-logger] db.getCollection('notifications').insert({"updatedAt":"2018-05-18T07:14:48.199Z","createdAt":"2018-05-18T07:14:48.199Z","notify_name":"管理员1","notify_id":"A-001","notify_context":"下午3-607开会4","deleted":false,"_id":"5afe7d68f10f970b80fc5ea4","notify_targets":["L-004","L-002","L-003"],"notify_time":"2018-05-18T07:14:48.198Z","__v":0}, {})
2018-05-18 15:15:03,279 INFO 2944 [egg-mongoose-logger] db.getCollection('notifications').insert({"updatedAt":"2018-05-18T07:15:03.279Z","createdAt":"2018-05-18T07:15:03.279Z","notify_name":"管理员2","notify_id":"A-002","notify_context":"下午1-1108开会","deleted":false,"_id":"5afe7d77f10f970b80fc5ea5","notify_targets":["L-004","L-002","L-003"],"notify_time":"2018-05-18T07:15:03.279Z","__v":0}, {})
2018-05-18 15:15:07,283 INFO 2944 [egg-mongoose-logger] db.getCollection('notifications').insert({"updatedAt":"2018-05-18T07:15:07.283Z","createdAt":"2018-05-18T07:15:07.283Z","notify_name":"管理员2","notify_id":"A-002","notify_context":"下午1-1108开会1","deleted":false,"_id":"5afe7d7bf10f970b80fc5ea6","notify_targets":["L-004","L-002","L-003"],"notify_time":"2018-05-18T07:15:07.282Z","__v":0}, {})
2018-05-18 15:15:10,896 INFO 2944 [egg-mongoose-logger] db.getCollection('notifications').insert({"updatedAt":"2018-05-18T07:15:10.895Z","createdAt":"2018-05-18T07:15:10.895Z","notify_name":"管理员2","notify_id":"A-002","notify_context":"下午1-1108开会2","deleted":false,"_id":"5afe7d7ef10f970b80fc5ea7","notify_targets":["L-004","L-002","L-003"],"notify_time":"2018-05-18T07:15:10.895Z","__v":0}, {})
2018-05-18 15:15:15,157 INFO 2944 [egg-mongoose-logger] db.getCollection('notifications').insert({"updatedAt":"2018-05-18T07:15:15.157Z","createdAt":"2018-05-18T07:15:15.157Z","notify_name":"管理员2","notify_id":"A-002","notify_context":"下午1-1108开会3","deleted":false,"_id":"5afe7d83f10f970b80fc5ea8","notify_targets":["L-004","L-002","L-003"],"notify_time":"2018-05-18T07:15:15.157Z","__v":0}, {})
2018-05-18 15:15:19,244 INFO 2944 [egg-mongoose-logger] db.getCollection('notifications').insert({"updatedAt":"2018-05-18T07:15:19.243Z","createdAt":"2018-05-18T07:15:19.243Z","notify_name":"管理员2","notify_id":"A-002","notify_context":"下午1-1108开会4","deleted":false,"_id":"5afe7d87f10f970b80fc5ea9","notify_targets":["L-004","L-002","L-003"],"notify_time":"2018-05-18T07:15:19.242Z","__v":0}, {})
2018-05-18 15:16:30,536 INFO 2944 [egg-mongoose-logger] db.getCollection('notifications').findAndModify({"_id":"5afe7d87f10f970b80fc5ea9"}, {"$setOnInsert":{"createdAt":"2018-05-18T07:16:30.529Z"},"$set":{"notify_targets":["L-004","L-002","L-003"],"notify_context":"聚餐!","notify_name":"管理员3","notify_id":"A-003","updatedAt":"2018-05-18T07:16:30.529Z"}})
2018-05-18 15:17:11,610 INFO 2944 [egg-mongoose-logger] db.getCollection('oplogs').remove({"_id":"5afe7d58f10f970b80fc5ea1"}, {})
2018-05-18 15:17:45,655 INFO 2944 [egg-mongoose-logger] db.getCollection('oplogs').remove({"_id":"5afe7d58f10f970b80fc5ea1"}, {})
2018-05-18 15:22:35,910 INFO 3114 [egg-mongoose-logger] db.getCollection('notifications').remove({"_id":"5afe7d58f10f970b80fc5ea1"}, {})
2018-05-18 15:22:48,888 INFO 3114 [egg-mongoose-logger] db.getCollection('notifications').find({"_id":"5afe7d87f10f970b80fc5ea9"}, {})
2018-05-18 17:29:46,798 INFO 6560 [egg-mongoose-logger] db.getCollection('musictypes').insert({"updatedAt":"2018-05-18T09:29:46.796Z","createdAt":"2018-05-18T09:29:46.796Z","mtype_name":"流行","mtype_id":"01","mtype_fid":"00","mtype_offon":"1","deleted":false,"_id":"5afe9d0a46da4919a0d90281","__v":0}, {})
2018-05-18 17:30:19,088 INFO 6560 [egg-mongoose-logger] db.getCollection('musictypes').insert({"updatedAt":"2018-05-18T09:30:19.087Z","createdAt":"2018-05-18T09:30:19.087Z","mtype_name":"说唱","mtype_id":"02","mtype_fid":"00","mtype_offon":"1","deleted":false,"_id":"5afe9d2b46da4919a0d90282","__v":0}, {})
2018-05-18 17:30:36,893 INFO 6560 [egg-mongoose-logger] db.getCollection('musictypes').insert({"updatedAt":"2018-05-18T09:30:36.893Z","createdAt":"2018-05-18T09:30:36.893Z","mtype_name":"嘻哈","mtype_id":"03","mtype_fid":"00","mtype_offon":"1","deleted":false,"_id":"5afe9d3c46da4919a0d90283","__v":0}, {})
2018-05-18 17:31:06,510 INFO 6560 [egg-mongoose-logger] db.getCollection('musictypes').find({}, {})
2018-05-18 17:31:17,776 INFO 6560 [egg-mongoose-logger] db.getCollection('musictypes').find({}, {})
2018-05-18 17:31:23,354 INFO 6560 [egg-mongoose-logger] db.getCollection('musictypes').findAndModify({"_id":"5afe9d3c46da4919a0d90283"}, {"$setOnInsert":{"createdAt":"2018-05-18T09:31:23.350Z"},"$set":{"mtype_offon":"0","mtype_fid":"00","mtype_id":"03","mtype_name":"嘻哈","updatedAt":"2018-05-18T09:31:23.350Z"}})
2018-05-18 17:52:39,700 INFO 7215 [egg-mongoose-logger] db.getCollection('videotypes').insert({"updatedAt":"2018-05-18T09:52:39.697Z","createdAt":"2018-05-18T09:52:39.697Z","vtype_name":"搞笑","vtype_id":"01","vtype_fid":"00","vtype_offon":"1","deleted":false,"_id":"5afea267b6476f1c2faf4612","__v":0}, {})
2018-05-18 17:52:55,065 INFO 7215 [egg-mongoose-logger] db.getCollection('videotypes').insert({"updatedAt":"2018-05-18T09:52:55.064Z","createdAt":"2018-05-18T09:52:55.064Z","vtype_name":"恶心","vtype_id":"02","vtype_fid":"00","vtype_offon":"1","deleted":false,"_id":"5afea277b6476f1c2faf4613","__v":0}, {})
2018-05-18 17:53:05,959 INFO 7215 [egg-mongoose-logger] db.getCollection('videotypes').insert({"updatedAt":"2018-05-18T09:53:05.959Z","createdAt":"2018-05-18T09:53:05.959Z","vtype_name":"教育","vtype_id":"03","vtype_fid":"00","vtype_offon":"1","deleted":false,"_id":"5afea281b6476f1c2faf4614","__v":0}, {})
2018-05-18 17:54:01,902 INFO 7215 [egg-mongoose-logger] db.getCollection('videotypes').findAndModify({"_id":"5afea281b6476f1c2faf4614"}, {"$setOnInsert":{"createdAt":"2018-05-18T09:54:01.892Z"},"$set":{"vtype_offon":"1","vtype_fid":"00","vtype_id":"04","vtype_name":"搞笑2","updatedAt":"2018-05-18T09:54:01.892Z"}})
2018-05-18 17:54:19,387 INFO 7215 [egg-mongoose-logger] db.getCollection('videotypes').remove({"_id":"5afea281b6476f1c2faf4614"}, {})
2018-05-18 17:59:11,170 INFO 7343 [egg-mongoose-logger] db.getCollection('advertisetypes').insert({"updatedAt":"2018-05-18T09:59:11.168Z","createdAt":"2018-05-18T09:59:11.168Z","atype_name":"药品","atype_id":"01","atype_fid":"00","atype_offon":"1","deleted":false,"_id":"5afea3ef7b77f41caf34276d","__v":0}, {})
2018-05-18 17:59:20,491 INFO 7343 [egg-mongoose-logger] db.getCollection('advertisetypes').insert({"updatedAt":"2018-05-18T09:59:20.490Z","createdAt":"2018-05-18T09:59:20.490Z","atype_name":"体育","atype_id":"02","atype_fid":"00","atype_offon":"1","deleted":false,"_id":"5afea3f87b77f41caf34276e","__v":0}, {})
2018-05-18 17:59:30,630 INFO 7343 [egg-mongoose-logger] db.getCollection('advertisetypes').insert({"updatedAt":"2018-05-18T09:59:30.629Z","createdAt":"2018-05-18T09:59:30.629Z","atype_name":"营销","atype_id":"03","atype_fid":"00","atype_offon":"1","deleted":false,"_id":"5afea4027b77f41caf34276f","__v":0}, {})
2018-05-18 17:59:46,613 INFO 7343 [egg-mongoose-logger] db.getCollection('advertisetypes').find({}, {})
2018-05-18 17:59:53,848 INFO 7343 [egg-mongoose-logger] db.getCollection('advertisetypes').find({}, {})
2018-05-18 18:00:44,737 INFO 7343 [egg-mongoose-logger] db.getCollection('advertisetypes').findAndModify({"_id":"5afea4027b77f41caf34276f"}, {"$setOnInsert":{"createdAt":"2018-05-18T10:00:44.733Z"},"$set":{"atype_offon":"0","atype_fid":"00","atype_id":"04","atype_name":"食品","updatedAt":"2018-05-18T10:00:44.733Z"}})
2018-05-18 18:00:58,797 INFO 7343 [egg-mongoose-logger] db.getCollection('advertisetypes').remove({"_id":"5afea4027b77f41caf34276f"}, {})
2018-05-18 18:43:41,393 INFO 7796 [egg-mongoose-logger] db.getCollection('advertisements').ensureIndex({"advid":1}, {})
2018-05-18 18:43:41,400 INFO 7796 [egg-mongoose-logger] db.getCollection('videos').ensureIndex({"title":1}, {})
2018-05-18 19:02:08,396 INFO 8117 [egg-mongoose-logger] db.getCollection('advertisements').find({}, {})
2018-05-18 19:02:16,826 INFO 8117 [egg-mongoose-logger] db.getCollection('advertisements').find({}, {})
2018-05-18 19:05:18,705 INFO 8182 [egg-mongoose-logger] db.getCollection('videos').find({}, {})
2018-05-18 19:07:56,274 INFO 8277 [egg-mongoose-logger] db.getCollection('videos').findAndModify({"advid":"5afe9d3c46da4919a0d90283"}, {"$setOnInsert":{"createdAt":"2018-05-18T11:07:56.267Z"},"$set":{"video_type":"搞笑","points":80,"updatedAt":"2018-05-18T11:07:56.267Z"}})
2018-05-18 19:20:19,063 INFO 8651 [egg-mongoose-logger] db.getCollection('videos').findAndModify({"advid":"5ad04542650a6308e5833b3b"}, {"$setOnInsert":{"createdAt":"2018-05-18T11:20:19.057Z"},"$set":{"video_type":"搞笑","points":80,"updatedAt":"2018-05-18T11:20:19.057Z"}})
2018-05-18 19:21:27,643 INFO 8697 [egg-mongoose-logger] db.getCollection('videos').findAndModify({"_id":"5ad04542650a6308e5833b3b"}, {"$setOnInsert":{"createdAt":"2018-05-18T11:21:27.637Z"},"$set":{"video_type":"搞笑","points":80,"updatedAt":"2018-05-18T11:21:27.637Z"}})
2018-05-18 19:21:44,450 INFO 8697 [egg-mongoose-logger] db.getCollection('videos').findOne({"_id":"5ad04542650a6308e5833b3b"}, {})
2018-05-18 19:23:25,202 INFO 8771 [egg-mongoose-logger] db.getCollection('videos').find({"_id":"5ad04542650a6308e5833b3b"}, {})
2018-05-19 12:23:23,616 INFO 1353 [egg-mongoose-logger] db.getCollection('notifications').insert({"updatedAt":"2018-05-19T04:23:23.613Z","createdAt":"2018-05-19T04:23:23.613Z","notify_name":"管理员8","notify_id":"A-008","notify_context":"下午1-1108开会4","deleted":false,"_id":"5affa6bb1900bc05496c9163","notify_targets":["L-004","L-002","L-003"],"notify_time":"2018-05-19T04:23:23.606Z","__v":0}, {})
2018-05-19 12:23:50,967 INFO 1353 [egg-mongoose-logger] db.getCollection('notifications').find({}, {})
2018-05-19 14:54:40,451 INFO 2380 [egg-mongoose-logger] db.getCollection('workers').insert({"updatedAt":"2018-05-19T06:54:40.449Z","createdAt":"2018-05-19T06:54:40.449Z","worker_name":"管理员9","worker_id":"A-009","worker_tel":"13221130000","worker_card":"1234yyyyyy","worker_address":"北京市朝阳区坤沙中心3-607","deleted":false,"_id":"5affca3098e6ae094c049825","worker_roler":["test1","test2","test3"],"__v":0}, {})
2018-05-19 14:54:40,474 INFO 2380 [egg-mongoose-logger] db.getCollection('workers').findAndModify({"worker_id":"A-009"}, {"$setOnInsert":{"createdAt":"2018-05-19T06:54:40.467Z"},"$set":{"updatedAt":"2018-05-19T06:54:40.467Z"}})
2018-05-19 14:57:59,509 INFO 2479 [egg-mongoose-logger] db.getCollection('workers').insert({"updatedAt":"2018-05-19T06:57:59.507Z","createdAt":"2018-05-19T06:57:59.507Z","worker_name":"管理员10","worker_id":"A-010","worker_tel":"13221130000","worker_card":"1234yyyyyy","worker_address":"北京市朝阳区坤沙中心3-607","deleted":false,"_id":"5affcaf7e47f1b09af690e62","worker_roler":["test1","test2","test3"],"__v":0}, {})
2018-05-19 14:57:59,529 INFO 2479 [egg-mongoose-logger] db.getCollection('workers').findAndModify({"worker_id":"A-010"}, {"$setOnInsert":{"createdAt":"2018-05-19T06:57:59.522Z"},"$set":{"token":"eyJhbGciOiJIUzI1NiIsInR5cCI6IkpXVCJ9.eyJ3b3JrZXJfaWQiOiJBLTAxMCIsImlhdCI6MTUyNjcxMzA3OSwiZXhwIjoxNTI5MzA1MDc5fQ.Sbr7risl54Tl6AXqGyzxedi0NXRsGqg0qGFA2VFHdAg","updatedAt":"2018-05-19T06:57:59.522Z"}})
2018-05-19 15:00:20,361 INFO 2479 [egg-mongoose-logger] db.getCollection('workers').insert({"updatedAt":"2018-05-19T07:00:20.361Z","createdAt":"2018-05-19T07:00:20.361Z","worker_name":"游客","worker_id":"guest01","worker_tel":"13221130000","worker_card":"1234yyyyyy","worker_address":"北京市朝阳区坤沙中心3-607","deleted":false,"_id":"5affcb84e47f1b09af690e63","worker_roler":["test6"],"__v":0}, {})
2018-05-19 15:00:20,364 INFO 2479 [egg-mongoose-logger] db.getCollection('workers').findAndModify({"worker_id":"guest01"}, {"$setOnInsert":{"createdAt":"2018-05-19T07:00:20.364Z"},"$set":{"token":"eyJhbGciOiJIUzI1NiIsInR5cCI6IkpXVCJ9.eyJ3b3JrZXJfaWQiOiJndWVzdDAxIiwiaWF0IjoxNTI2NzEzMjIwLCJleHAiOjE1MjkzMDUyMjB9.rDDKoPlno0hCsj2f4hwe0DsV2Yb_QySrXvNs--Nwozk","updatedAt":"2018-05-19T07:00:20.364Z"}})
2018-05-19 16:45:53,761 INFO 4620 [egg-mongoose-logger] db.getCollection('workers').find({"token":"eyJhbGciOiJIUzI1NiIsInR5cCI6IkpXVCJ9.eyJ3b3JrZXJfaWQiOiJndWVzdDAxIiwiaWF0IjoxNTI2NzEzMjIwLCJleHAiOjE1MjkzMDUyMjB9.rDDKoPlno0hCsj2f4hwe0DsV2Yb_QySrXvNs--Nwozk"}, {})
2018-05-19 16:49:18,569 INFO 4689 [egg-mongoose-logger] db.getCollection('workers').find({"token":"eyJhbGciOiJIUzI1NiIsInR5cCI6IkpXVCJ9.eyJ3b3JrZXJfaWQiOiJndWVzdDAxIiwiaWF0IjoxNTI2NzEzMjIwLCJleHAiOjE1MjkzMDUyMjB9.rDDKoPlno0hCsj2f4hwe0DsV2Yb_QySrXvNs--Nwozk"}, {})
2018-05-19 16:51:58,342 INFO 4763 [egg-mongoose-logger] db.getCollection('workers').find({"token":"eyJhbGciOiJIUzI1NiIsInR5cCI6IkpXVCJ9.eyJ3b3JrZXJfaWQiOiJndWVzdDAxIiwiaWF0IjoxNTI2NzEzMjIwLCJleHAiOjE1MjkzMDUyMjB9.rDDKoPlno0hCsj2f4hwe0DsV2Yb_QySrXvNs--Nwozk"}, {})
2018-05-19 16:53:44,613 INFO 4833 [egg-mongoose-logger] db.getCollection('workers').findOne({"token":"eyJhbGciOiJIUzI1NiIsInR5cCI6IkpXVCJ9.eyJ3b3JrZXJfaWQiOiJndWVzdDAxIiwiaWF0IjoxNTI2NzEzMjIwLCJleHAiOjE1MjkzMDUyMjB9.rDDKoPlno0hCsj2f4hwe0DsV2Yb_QySrXvNs--Nwozk"}, {})
2018-05-19 16:54:52,896 INFO 4902 [egg-mongoose-logger] db.getCollection('workers').findOne({"token":"eyJhbGciOiJIUzI1NiIsInR5cCI6IkpXVCJ9.eyJ3b3JrZXJfaWQiOiJndWVzdDAxIiwiaWF0IjoxNTI2NzEzMjIwLCJleHAiOjE1MjkzMDUyMjB9.rDDKoPlno0hCsj2f4hwe0DsV2Yb_QySrXvNs--Nwozk"}, {})
2018-05-19 16:56:30,578 INFO 4946 [egg-mongoose-logger] db.getCollection('workers').findOne({"token":"eyJhbGciOiJIUzI1NiIsInR5cCI6IkpXVCJ9.eyJ3b3JrZXJfaWQiOiJndWVzdDAxIiwiaWF0IjoxNTI2NzEzMjIwLCJleHAiOjE1MjkzMDUyMjB9.rDDKoPlno0hCsj2f4hwe0DsV2Yb_QySrXvNs--Nwozk"}, {})
2018-05-19 16:58:00,353 INFO 5006 [egg-mongoose-logger] db.getCollection('workers').findOne({"token":"eyJhbGciOiJIUzI1NiIsInR5cCI6IkpXVCJ9.eyJ3b3JrZXJfaWQiOiJndWVzdDAxIiwiaWF0IjoxNTI2NzEzMjIwLCJleHAiOjE1MjkzMDUyMjB9.rDDKoPlno0hCsj2f4hwe0DsV2Yb_QySrXvNs--Nwozk"}, {})
2018-05-19 16:58:00,368 INFO 5006 [egg-mongoose-logger] db.getCollection('rolers').find({"roler_id":{"$in":["test6"]}}, {})
2018-05-19 16:59:46,990 INFO 5101 [egg-mongoose-logger] db.getCollection('workers').findOne({"token":"eyJhbGciOiJIUzI1NiIsInR5cCI6IkpXVCJ9.eyJ3b3JrZXJfaWQiOiJndWVzdDAxIiwiaWF0IjoxNTI2NzEzMjIwLCJleHAiOjE1MjkzMDUyMjB9.rDDKoPlno0hCsj2f4hwe0DsV2Yb_QySrXvNs--Nwozk"}, {})
2018-05-19 16:59:47,008 INFO 5101 [egg-mongoose-logger] db.getCollection('rolers').findOne({"roler_id":{"$in":["test6"]}}, {})
2018-05-19 17:02:23,455 INFO 5153 [egg-mongoose-logger] db.getCollection('workers').findOne({"token":"eyJhbGciOiJIUzI1NiIsInR5cCI6IkpXVCJ9.eyJ3b3JrZXJfaWQiOiJndWVzdDAxIiwiaWF0IjoxNTI2NzEzMjIwLCJleHAiOjE1MjkzMDUyMjB9.rDDKoPlno0hCsj2f4hwe0DsV2Yb_QySrXvNs--Nwozk"}, {})
2018-05-19 17:02:23,471 INFO 5153 [egg-mongoose-logger] db.getCollection('rolers').findOne({"roler_id":{"$in":["test6"]}}, {})
2018-05-19 17:11:16,354 INFO 5408 [egg-mongoose-logger] db.getCollection('workers').findOne({"token":"eyJhbGciOiJIUzI1NiIsInR5cCI6IkpXVCJ9.eyJ3b3JrZXJfaWQiOiJndWVzdDAxIiwiaWF0IjoxNTI2NzEzMjIwLCJleHAiOjE1MjkzMDUyMjB9.rDDKoPlno0hCsj2f4hwe0DsV2Yb_QySrXvNs--Nwozk"}, {})
2018-05-19 17:11:16,360 INFO 5408 [egg-mongoose-logger] db.getCollection('videos').find({}, {})
2018-05-19 17:11:16,369 INFO 5408 [egg-mongoose-logger] db.getCollection('rolers').findOne({"roler_id":{"$in":["test6"]}}, {})
2018-05-19 17:12:35,823 INFO 5463 [egg-mongoose-logger] db.getCollection('workers').findOne({"token":"eyJhbGciOiJIUzI1NiIsInR5cCI6IkpXVCJ9.eyJ3b3JrZXJfaWQiOiJndWVzdDAxIiwiaWF0IjoxNTI2NzEzMjIwLCJleHAiOjE1MjkzMDUyMjB9.rDDKoPlno0hCsj2f4hwe0DsV2Yb_QySrXvNs--Nwozk"}, {})
2018-05-19 17:12:35,830 INFO 5463 [egg-mongoose-logger] db.getCollection('videos').find({}, {})
2018-05-19 17:12:35,839 INFO 5463 [egg-mongoose-logger] db.getCollection('rolers').findOne({"roler_id":{"$in":["test6"]}}, {})
2018-05-19 17:16:10,086 INFO 5570 [egg-mongoose-logger] db.getCollection('workers').findOne({"token":"eyJhbGciOiJIUzI1NiIsInR5cCI6IkpXVCJ9.eyJ3b3JrZXJfaWQiOiJndWVzdDAxIiwiaWF0IjoxNTI2NzEzMjIwLCJleHAiOjE1MjkzMDUyMjB9.rDDKoPlno0hCsj2f4hwe0DsV2Yb_QySrXvNs--Nwozk"}, {})
2018-05-19 17:16:10,092 INFO 5570 [egg-mongoose-logger] db.getCollection('videos').find({}, {})
2018-05-19 17:16:10,103 INFO 5570 [egg-mongoose-logger] db.getCollection('rolers').findOne({"roler_id":{"$in":["test6"]}}, {})
2018-05-19 17:18:22,172 INFO 5609 [egg-mongoose-logger] db.getCollection('workers').findOne({"token":"eyJhbGciOiJIUzI1NiIsInR5cCI6IkpXVCJ9.eyJ3b3JrZXJfaWQiOiJndWVzdDAxIiwiaWF0IjoxNTI2NzEzMjIwLCJleHAiOjE1MjkzMDUyMjB9.rDDKoPlno0hCsj2f4hwe0DsV2Yb_QySrXvNs--Nwozk"}, {})
2018-05-19 17:18:22,184 INFO 5609 [egg-mongoose-logger] db.getCollection('rolers').findOne({"roler_id":{"$in":["test6"]}}, {})
2018-05-19 17:27:52,450 INFO 5787 [egg-mongoose-logger] db.getCollection('workers').findOne({"token":"eyJhbGciOiJIUzI1NiIsInR5cCI6IkpXVCJ9.eyJ3b3JrZXJfaWQiOiJndWVzdDAxIiwiaWF0IjoxNTI2NzEzMjIwLCJleHAiOjE1MjkzMDUyMjB9.rDDKoPlno0hCsj2f4hwe0DsV2Yb_QySrXvNs--Nwozk"}, {})
2018-05-19 17:27:52,463 INFO 5787 [egg-mongoose-logger] db.getCollection('rolers').findOne({"roler_id":{"$in":["test6"]}}, {})
2018-05-19 17:29:56,161 INFO 5883 [egg-mongoose-logger] db.getCollection('workers').findOne({"token":"eyJhbGciOiJIUzI1NiIsInR5cCI6IkpXVCJ9.eyJ3b3JrZXJfaWQiOiJndWVzdDAxIiwiaWF0IjoxNTI2NzEzMjIwLCJleHAiOjE1MjkzMDUyMjB9.rDDKoPlno0hCsj2f4hwe0DsV2Yb_QySrXvNs--Nwozk"}, {})
2018-05-19 17:29:56,175 INFO 5883 [egg-mongoose-logger] db.getCollection('rolers').findOne({"roler_id":{"$in":["test6"]}}, {})
2018-05-19 17:30:44,828 INFO 5883 [egg-mongoose-logger] db.getCollection('workers').findOne({"token":""}, {})
2018-05-19 17:31:40,609 INFO 5922 [egg-mongoose-logger] db.getCollection('workers').findOne({"token":"eyJhbGciOiJIUzI1NiIsInR5cCI6IkpXVCJ9.eyJ3b3JrZXJfaWQiOiJndWVzdDAxIiwiaWF0IjoxNTI2NzEzMjIwLCJleHAiOjE1MjkzMDUyMjB9.rDDKoPlno0hCsj2f4hwe0DsV2Yb_QySrXvNs--Nwozk"}, {})
2018-05-19 17:31:40,631 INFO 5922 [egg-mongoose-logger] db.getCollection('rolers').findOne({"roler_id":{"$in":["test6"]}}, {})
2018-05-20 08:33:44,718 INFO 1615 [egg-mongoose-logger] db.getCollection('users').ensureIndex({"imtid":1}, {})
2018-05-21 11:56:09,892 INFO 2307 [egg-mongoose-logger] db.getCollection('users').ensureIndex({"imtid":1}, {})
2018-05-21 12:16:06,169 INFO 2644 [egg-mongoose-logger] db.getCollection('users').ensureIndex({"imtid":1}, {})
2018-05-21 19:12:43,025 INFO 5628 [egg-mongoose-logger] db.getCollection('users').ensureIndex({"imtid":1}, {})
2018-05-21 19:15:03,111 INFO 5698 [egg-mongoose-logger] db.getCollection('users').ensureIndex({"imtid":1}, {})
2018-05-22 11:43:19,448 INFO 3446 [egg-mongoose-logger] db.getCollection('users').ensureIndex({"imtid":1}, {})
2018-05-22 11:47:48,317 INFO 3446 [egg-mongoose-logger] db.getCollection('workers').findOne({"token":""}, {})
2018-05-22 11:50:54,210 INFO 3520 [egg-mongoose-logger] db.getCollection('users').ensureIndex({"imtid":1}, {})
2018-05-22 11:50:59,439 INFO 3520 [egg-mongoose-logger] db.getCollection('workers').findOne({"token":"eyJhbGciOiJIUzI1NiIsInR5cCI6IkpXVCJ9.eyJ3b3JrZXJfaWQiOiJndWVzdDAxIiwiaWF0IjoxNTI2NzEzMjIwLCJleHAiOjE1MjkzMDUyMjB9.rDDKoPlno0hCsj2f4hwe0DsV2Yb_QySrXvNs--Nwozk"}, {})
2018-05-22 11:50:59,446 INFO 3520 [egg-mongoose-logger] db.getCollection('rolers').findOne({"roler_id":{"$in":["test6"]}}, {})
2018-05-22 11:51:25,472 INFO 3536 [egg-mongoose-logger] db.getCollection('users').ensureIndex({"imtid":1}, {})
2018-05-22 11:51:38,587 INFO 3565 [egg-mongoose-logger] db.getCollection('users').ensureIndex({"imtid":1}, {})
2018-05-22 11:53:08,927 INFO 3576 [egg-mongoose-logger] db.getCollection('users').ensureIndex({"imtid":1}, {})
2018-05-22 11:53:25,822 INFO 3611 [egg-mongoose-logger] db.getCollection('users').ensureIndex({"imtid":1}, {})
2018-05-22 11:53:49,189 INFO 3621 [egg-mongoose-logger] db.getCollection('users').ensureIndex({"imtid":1}, {})
2018-05-22 11:54:11,673 INFO 3637 [egg-mongoose-logger] db.getCollection('users').ensureIndex({"imtid":1}, {})
2018-05-22 11:54:16,079 INFO 3645 [egg-mongoose-logger] db.getCollection('users').ensureIndex({"imtid":1}, {})
2018-05-22 11:54:19,720 INFO 3653 [egg-mongoose-logger] db.getCollection('users').ensureIndex({"imtid":1}, {})
2018-05-22 11:54:21,209 INFO 3654 [egg-mongoose-logger] db.getCollection('users').ensureIndex({"imtid":1}, {})
2018-05-22 11:54:22,697 INFO 3655 [egg-mongoose-logger] db.getCollection('users').ensureIndex({"imtid":1}, {})
2018-05-22 11:54:35,969 INFO 3683 [egg-mongoose-logger] db.getCollection('users').ensureIndex({"imtid":1}, {})
2018-05-22 11:54:40,431 INFO 3683 [egg-mongoose-logger] db.getCollection('setadvertises').insert({"updatedAt":"2018-05-22T03:54:40.429Z","createdAt":"2018-05-22T03:54:40.429Z","advid":"1122334","timelong":20,"cash_total":5000,"cash_per":100,"datum_switch":"1","datum":6,"deleted":false,"_id":"5b0394800edb630e632a1123","__v":0}, {})
2018-05-22 11:55:00,814 INFO 3683 [egg-mongoose-logger] db.getCollection('setadvertises').insert({"updatedAt":"2018-05-22T03:55:00.813Z","createdAt":"2018-05-22T03:55:00.813Z","advid":"1122335","timelong":20,"cash_total":5000,"cash_per":100,"datum_switch":"1","datum":6,"deleted":false,"_id":"5b0394940edb630e632a1124","__v":0}, {})
2018-05-22 11:55:05,110 INFO 3683 [egg-mongoose-logger] db.getCollection('setadvertises').insert({"updatedAt":"2018-05-22T03:55:05.110Z","createdAt":"2018-05-22T03:55:05.110Z","advid":"1122336","timelong":20,"cash_total":5000,"cash_per":100,"datum_switch":"1","datum":6,"deleted":false,"_id":"5b0394990edb630e632a1125","__v":0}, {})
